<!DOCTYPE html>
<html>
  <head>
    <meta charset="utf-8"/>
    <title id="head-title">report.html</title>
      <link href="assets\style.css" rel="stylesheet" type="text/css"/>
  </head>
  <body>
    <h1 id="title">report.html</h1>
    <p>Report generated on 07-Nov-2024 at 23:58:39 by <a href="https://pypi.python.org/pypi/pytest-html">pytest-html</a>
        v4.1.1</p>
    <div id="environment-header">
      <h2>Environment</h2>
    </div>
    <table id="environment"></table>
    <!-- TEMPLATES -->
      <template id="template_environment_row">
      <tr>
        <td></td>
        <td></td>
      </tr>
    </template>
    <template id="template_results-table__body--empty">
      <tbody class="results-table-row">
        <tr id="not-found-message">
          <td colspan="4">No results found. Check the filters.</th>
        </tr>
    </template>
    <template id="template_results-table__tbody">
      <tbody class="results-table-row">
        <tr class="collapsible">
        </tr>
        <tr class="extras-row">
          <td class="extra" colspan="4">
            <div class="extraHTML"></div>
            <div class="media">
              <div class="media-container">
                  <div class="media-container__nav--left"><</div>
                  <div class="media-container__viewport">
                    <img src="" />
                    <video controls>
                      <source src="" type="video/mp4">
                    </video>
                  </div>
                  <div class="media-container__nav--right">></div>
                </div>
                <div class="media__name"></div>
                <div class="media__counter"></div>
            </div>
            <div class="logwrapper">
              <div class="logexpander"></div>
              <div class="log"></div>
            </div>
          </td>
        </tr>
      </tbody>
    </template>
    <!-- END TEMPLATES -->
    <div class="summary">
      <div class="summary__data">
        <h2>Summary</h2>
        <div class="additional-summary prefix">
        </div>
        <p class="run-count">23 tests took 00:07:30.</p>
        <p class="filter">(Un)check the boxes to filter the results.</p>
        <div class="summary__reload">
          <div class="summary__reload__button hidden" onclick="location.reload()">
            <div>There are still tests running. <br />Reload this page to get the latest results!</div>
          </div>
        </div>
        <div class="summary__spacer"></div>
        <div class="controls">
          <div class="filters">
            <input checked="true" class="filter" name="filter_checkbox" type="checkbox" data-test-result="failed" />
            <span class="failed">6 Failed,</span>
            <input checked="true" class="filter" name="filter_checkbox" type="checkbox" data-test-result="passed" />
            <span class="passed">17 Passed,</span>
            <input checked="true" class="filter" name="filter_checkbox" type="checkbox" data-test-result="skipped" disabled/>
            <span class="skipped">0 Skipped,</span>
            <input checked="true" class="filter" name="filter_checkbox" type="checkbox" data-test-result="xfailed" disabled/>
            <span class="xfailed">0 Expected failures,</span>
            <input checked="true" class="filter" name="filter_checkbox" type="checkbox" data-test-result="xpassed" disabled/>
            <span class="xpassed">0 Unexpected passes,</span>
            <input checked="true" class="filter" name="filter_checkbox" type="checkbox" data-test-result="error" disabled/>
            <span class="error">0 Errors,</span>
            <input checked="true" class="filter" name="filter_checkbox" type="checkbox" data-test-result="rerun" disabled/>
            <span class="rerun">0 Reruns</span>
          </div>
          <div class="collapse">
            <button id="show_all_details">Show all details</button>&nbsp;/&nbsp;<button id="hide_all_details">Hide all details</button>
          </div>
        </div>
      </div>
      <div class="additional-summary summary">
      </div>
      <div class="additional-summary postfix">
      </div>
    </div>
    <table id="results-table">
      <thead id="results-table-head">
        <tr>
          <th class="sortable" data-column-type="result">Result</th>
          <th class="sortable" data-column-type="testId">Test</th>
          <th class="sortable" data-column-type="duration">Duration</th>
          <th>Links</th>
        </tr>
      </thead>
    </table>
  </body>
  <footer>
    <div id="data-container" data-jsonblob="{&#34;environment&#34;: {&#34;Python&#34;: &#34;3.12.3&#34;, &#34;Platform&#34;: &#34;Windows-11-10.0.22631-SP0&#34;, &#34;Packages&#34;: {&#34;pytest&#34;: &#34;7.4.4&#34;, &#34;pluggy&#34;: &#34;1.0.0&#34;}, &#34;Plugins&#34;: {&#34;anyio&#34;: &#34;4.2.0&#34;, &#34;html&#34;: &#34;4.1.1&#34;, &#34;metadata&#34;: &#34;3.1.1&#34;}}, &#34;tests&#34;: {&#34;Test_cart.py::test_add_1_product&#34;: [{&#34;extras&#34;: [], &#34;result&#34;: &#34;Passed&#34;, &#34;testId&#34;: &#34;Test_cart.py::test_add_1_product&#34;, &#34;duration&#34;: &#34;00:00:21&#34;, &#34;resultsTableRow&#34;: [&#34;&lt;td class=\&#34;col-result\&#34;&gt;Passed&lt;/td&gt;&#34;, &#34;&lt;td class=\&#34;col-testId\&#34;&gt;Test_cart.py::test_add_1_product&lt;/td&gt;&#34;, &#34;&lt;td class=\&#34;col-duration\&#34;&gt;00:00:21&lt;/td&gt;&#34;, &#34;&lt;td class=\&#34;col-links\&#34;&gt;&lt;/td&gt;&#34;], &#34;log&#34;: &#34;------------------------------ Captured log setup ------------------------------\nWARNING  selenium.webdriver.common.selenium_manager:selenium_manager.py:138 The chromedriver version (129.0.6668.91) detected in PATH at C:\\Program Files\\chromedriver\\chromedriver.exe might not be compatible with the detected chrome version (130.0.6723.116); currently, chromedriver 130.0.6723.116 is recommended for chrome 130.*, so it is advised to delete the driver in PATH and retry\n\n----------------------------- Captured stdout call -----------------------------\nCurry chicken :  True   110.0\nCheck name: Curry chicken - True\nCheck price: 110.0 - True\nCheck quantity: 7 - True\nCheck sub_total: 770.0 - True\n&#34;}], &#34;Test_cart.py::test_add_negative_quantity_to_cart&#34;: [{&#34;extras&#34;: [], &#34;result&#34;: &#34;Failed&#34;, &#34;testId&#34;: &#34;Test_cart.py::test_add_negative_quantity_to_cart&#34;, &#34;duration&#34;: &#34;00:00:23&#34;, &#34;resultsTableRow&#34;: [&#34;&lt;td class=\&#34;col-result\&#34;&gt;Failed&lt;/td&gt;&#34;, &#34;&lt;td class=\&#34;col-testId\&#34;&gt;Test_cart.py::test_add_negative_quantity_to_cart&lt;/td&gt;&#34;, &#34;&lt;td class=\&#34;col-duration\&#34;&gt;00:00:23&lt;/td&gt;&#34;, &#34;&lt;td class=\&#34;col-links\&#34;&gt;&lt;/td&gt;&#34;], &#34;log&#34;: &#34;driver = &amp;lt;selenium.webdriver.chrome.webdriver.WebDriver (session=&amp;quot;edda67dbeada766d8cc1dca39290c251&amp;quot;)&amp;gt;\n\n    def test_add_negative_quantity_to_cart(driver):\n        #condition\n        login(driver)\n        delete_all_product_in_cart(driver)\n    \n        #main\n        driver.find_element(By.XPATH, &amp;quot;//a[text()=&amp;#x27;Menu&amp;#x27;]&amp;quot;).click()\n        time.sleep(1)\n        tr_elements = driver.find_elements(By.XPATH, &amp;quot;//tbody/tr&amp;quot;)\n        in_stock = False\n        while not in_stock:\n            tr_element = random.choice(tr_elements)\n            try:\n                add_button = tr_element.find_element(By.XPATH, &amp;quot;.//button[text() = &amp;#x27;Add to Cart&amp;#x27;]&amp;quot;)\n                in_stock = True\n                quan = -1\n                input_e = tr_element.find_element(By.ID, &amp;quot;myNumber&amp;quot;)\n                input_e.clear()\n                input_e.send_keys(quan)\n                add_button.click()\n                error_message = driver.find_element(By.CSS_SELECTOR, &amp;quot;input:invalid&amp;quot;)\n                check_negative = error_message is not None\n                if check_negative:\n                    print(&amp;quot;Error is displayed successfully&amp;quot;)\n            except NoSuchElementException:\n                print(&amp;quot;Error is displayed unsuccessfully&amp;quot;)\n            time.sleep(1)\n    \n        driver.find_element(By.XPATH, &amp;quot;//a[@href = &amp;#x27;/cart&amp;#x27;]&amp;quot;).click()\n    \n        time.sleep(5)\n&amp;gt;       assert check_negative\nE       UnboundLocalError: cannot access local variable &amp;#x27;check_negative&amp;#x27; where it is not associated with a value\n\nTest_cart.py:90: UnboundLocalError\n\n------------------------------ Captured log setup ------------------------------\nWARNING  selenium.webdriver.common.selenium_manager:selenium_manager.py:138 The chromedriver version (129.0.6668.91) detected in PATH at C:\\Program Files\\chromedriver\\chromedriver.exe might not be compatible with the detected chrome version (130.0.6723.116); currently, chromedriver 130.0.6723.116 is recommended for chrome 130.*, so it is advised to delete the driver in PATH and retry\n\n----------------------------- Captured stdout call -----------------------------\nError is displayed unsuccessfully\n&#34;}], &#34;Test_cart.py::test_add_multiple_product&#34;: [{&#34;extras&#34;: [], &#34;result&#34;: &#34;Passed&#34;, &#34;testId&#34;: &#34;Test_cart.py::test_add_multiple_product&#34;, &#34;duration&#34;: &#34;00:00:37&#34;, &#34;resultsTableRow&#34;: [&#34;&lt;td class=\&#34;col-result\&#34;&gt;Passed&lt;/td&gt;&#34;, &#34;&lt;td class=\&#34;col-testId\&#34;&gt;Test_cart.py::test_add_multiple_product&lt;/td&gt;&#34;, &#34;&lt;td class=\&#34;col-duration\&#34;&gt;00:00:37&lt;/td&gt;&#34;, &#34;&lt;td class=\&#34;col-links\&#34;&gt;&lt;/td&gt;&#34;], &#34;log&#34;: &#34;------------------------------ Captured log setup ------------------------------\nWARNING  selenium.webdriver.common.selenium_manager:selenium_manager.py:138 The chromedriver version (129.0.6668.91) detected in PATH at C:\\Program Files\\chromedriver\\chromedriver.exe might not be compatible with the detected chrome version (130.0.6723.116); currently, chromedriver 130.0.6723.116 is recommended for chrome 130.*, so it is advised to delete the driver in PATH and retry\n\n----------------------------- Captured stdout call -----------------------------\nAdd 8 to cart\n&amp;quot;Chocolate Cake&amp;quot;: True\n     price: 220.0 - True\n     quantity: 3 - True\n     sub_total: 660.0 - True \n\n&amp;quot;Chicken tikka masala&amp;quot;: True\n     price: 123.0 - True\n     quantity: 1 - True\n     sub_total: 123.0 - True \n\n&amp;quot;Chicken Spinach Pasta&amp;quot;: True\n     price: 250.0 - True\n     quantity: 1 - True\n     sub_total: 250.0 - True \n\n&amp;quot;Klassy Cup Cake&amp;quot;: True\n     price: 80.0 - True\n     quantity: 10 - True\n     sub_total: 800.0 - True \n\n&amp;quot;Fried chicken&amp;quot;: True\n     price: 88.0 - True\n     quantity: 10 - True\n     sub_total: 880.0 - True \n\n&amp;quot;Klassy Pancake&amp;quot;: True\n     price: 450.0 - True\n     quantity: 8 - True\n     sub_total: 3600.0 - True \n\n&amp;quot;Korean cheese corn&amp;quot;: True\n     price: 90.0 - True\n     quantity: 1 - True\n     sub_total: 90.0 - True \n\n&amp;quot;Dollma Pire&amp;quot;: True\n     price: 190.0 - True\n     quantity: 2 - True\n     sub_total: 380.0 - True \n\nTotal: 6833.0 - True\n&#34;}], &#34;Test_cart.py::test_delete_product_in_cart&#34;: [{&#34;extras&#34;: [], &#34;result&#34;: &#34;Passed&#34;, &#34;testId&#34;: &#34;Test_cart.py::test_delete_product_in_cart&#34;, &#34;duration&#34;: &#34;00:00:56&#34;, &#34;resultsTableRow&#34;: [&#34;&lt;td class=\&#34;col-result\&#34;&gt;Passed&lt;/td&gt;&#34;, &#34;&lt;td class=\&#34;col-testId\&#34;&gt;Test_cart.py::test_delete_product_in_cart&lt;/td&gt;&#34;, &#34;&lt;td class=\&#34;col-duration\&#34;&gt;00:00:56&lt;/td&gt;&#34;, &#34;&lt;td class=\&#34;col-links\&#34;&gt;&lt;/td&gt;&#34;], &#34;log&#34;: &#34;------------------------------ Captured log setup ------------------------------\nWARNING  selenium.webdriver.common.selenium_manager:selenium_manager.py:138 The chromedriver version (129.0.6668.91) detected in PATH at C:\\Program Files\\chromedriver\\chromedriver.exe might not be compatible with the detected chrome version (130.0.6723.116); currently, chromedriver 130.0.6723.116 is recommended for chrome 130.*, so it is advised to delete the driver in PATH and retry\n&#34;}], &#34;Test_cart.py::test_use_coupon&#34;: [{&#34;extras&#34;: [], &#34;result&#34;: &#34;Failed&#34;, &#34;testId&#34;: &#34;Test_cart.py::test_use_coupon&#34;, &#34;duration&#34;: &#34;00:00:36&#34;, &#34;resultsTableRow&#34;: [&#34;&lt;td class=\&#34;col-result\&#34;&gt;Failed&lt;/td&gt;&#34;, &#34;&lt;td class=\&#34;col-testId\&#34;&gt;Test_cart.py::test_use_coupon&lt;/td&gt;&#34;, &#34;&lt;td class=\&#34;col-duration\&#34;&gt;00:00:36&lt;/td&gt;&#34;, &#34;&lt;td class=\&#34;col-links\&#34;&gt;&lt;/td&gt;&#34;], &#34;log&#34;: &#34;driver = &amp;lt;selenium.webdriver.chrome.webdriver.WebDriver (session=&amp;quot;0daf52b6e851a26449627e4c99b60a0a&amp;quot;)&amp;gt;\n\n    def test_use_coupon(driver):\n        #condition\n        login(driver)\n        add_random_product(driver)\n    \n        #main\n        driver.find_element(By.XPATH, &amp;quot;//a[@href = &amp;#x27;/cart&amp;#x27;]&amp;quot;).click()\n        driver.find_element(By.ID, &amp;quot;exampleFormControlInput1&amp;quot;).send_keys(&amp;quot;ED60&amp;quot;)\n        driver.find_element(By.XPATH, &amp;quot;//tfoot/tr/td/button[text() = &amp;#x27;Apply&amp;#x27;]&amp;quot;).click()\n        time.sleep(1)\n    \n        total_text = driver.find_element(By.XPATH, &amp;quot;//td/h5/strong[contains(text(), &amp;#x27;Total&amp;#x27;)]&amp;quot;).text\n        total = float(re.search(r&amp;#x27;\\d+&amp;#x27;, total_text).group())\n        discount_text = driver.find_element(By.XPATH, &amp;quot;//td/h5/strong[contains(text(), &amp;#x27;Discount&amp;#x27;)]&amp;quot;).text\n        discount = float(re.search(r&amp;#x27;\\d+&amp;#x27;, discount_text).group())\n        total_discount_text = driver.find_element(By.XPATH, &amp;quot;//td/h3/strong&amp;quot;).text\n        total_discount = float(re.search(r&amp;#x27;\\d+&amp;#x27;, total_discount_text).group())\n    \n        cart_tr_elements = driver.find_elements(By.XPATH, &amp;quot;//tbody/tr&amp;quot;)\n        shipping_charge_element = cart_tr_elements[-2].find_elements(By.XPATH, &amp;quot;.//td&amp;quot;)[-1]\n        VAT_element = cart_tr_elements[-1].find_elements(By.XPATH, &amp;quot;.//td&amp;quot;)[-1]\n        total_no_fee = total - float(shipping_charge_element.text[1:]) - float(VAT_element.text[1:])\n    \n        check_discount = (total_no_fee * 0.6) == discount\n        check_total_after_discount = (total - discount) == total_discount\n    \n        print(f&amp;quot;Check discount: {check_discount}&amp;quot;)\n        print(f&amp;quot;Check total after discount: {check_total_after_discount}&amp;quot;)\n        time.sleep(5)\n&amp;gt;       assert check_discount and check_total_after_discount\nE       assert (False)\n\nTest_cart.py:217: AssertionError\n\n------------------------------ Captured log setup ------------------------------\nWARNING  selenium.webdriver.common.selenium_manager:selenium_manager.py:138 The chromedriver version (129.0.6668.91) detected in PATH at C:\\Program Files\\chromedriver\\chromedriver.exe might not be compatible with the detected chrome version (130.0.6723.116); currently, chromedriver 130.0.6723.116 is recommended for chrome 130.*, so it is advised to delete the driver in PATH and retry\n\n----------------------------- Captured stdout call -----------------------------\nCheck discount: False\nCheck total after discount: True\n&#34;}], &#34;Test_checkout.py::test_valid_check_out&#34;: [{&#34;extras&#34;: [], &#34;result&#34;: &#34;Passed&#34;, &#34;testId&#34;: &#34;Test_checkout.py::test_valid_check_out&#34;, &#34;duration&#34;: &#34;00:00:36&#34;, &#34;resultsTableRow&#34;: [&#34;&lt;td class=\&#34;col-result\&#34;&gt;Passed&lt;/td&gt;&#34;, &#34;&lt;td class=\&#34;col-testId\&#34;&gt;Test_checkout.py::test_valid_check_out&lt;/td&gt;&#34;, &#34;&lt;td class=\&#34;col-duration\&#34;&gt;00:00:36&lt;/td&gt;&#34;, &#34;&lt;td class=\&#34;col-links\&#34;&gt;&lt;/td&gt;&#34;], &#34;log&#34;: &#34;------------------------------ Captured log setup ------------------------------\nWARNING  selenium.webdriver.common.selenium_manager:selenium_manager.py:138 The chromedriver version (129.0.6668.91) detected in PATH at C:\\Program Files\\chromedriver\\chromedriver.exe might not be compatible with the detected chrome version (130.0.6723.116); currently, chromedriver 130.0.6723.116 is recommended for chrome 130.*, so it is advised to delete the driver in PATH and retry\n&#34;}], &#34;Test_checkout.py::test_checkout_missing_address&#34;: [{&#34;extras&#34;: [], &#34;result&#34;: &#34;Failed&#34;, &#34;testId&#34;: &#34;Test_checkout.py::test_checkout_missing_address&#34;, &#34;duration&#34;: &#34;00:00:32&#34;, &#34;resultsTableRow&#34;: [&#34;&lt;td class=\&#34;col-result\&#34;&gt;Failed&lt;/td&gt;&#34;, &#34;&lt;td class=\&#34;col-testId\&#34;&gt;Test_checkout.py::test_checkout_missing_address&lt;/td&gt;&#34;, &#34;&lt;td class=\&#34;col-duration\&#34;&gt;00:00:32&lt;/td&gt;&#34;, &#34;&lt;td class=\&#34;col-links\&#34;&gt;&lt;/td&gt;&#34;], &#34;log&#34;: &#34;driver = &amp;lt;selenium.webdriver.chrome.webdriver.WebDriver (session=&amp;quot;9292ac5d04047a71a7b0fc6dd08dd17c&amp;quot;)&amp;gt;\n\n    def test_checkout_missing_address(driver):\n        #condition\n        login(driver)\n        add_random_product(driver)\n    \n        #main\n        driver.find_element(By.XPATH, &amp;quot;//a[@href = &amp;#x27;/cart&amp;#x27;]&amp;quot;).click()\n        time.sleep(1)\n        driver.find_element(By.XPATH, &amp;quot;//button[text() = &amp;#x27;Checkout&amp;#x27;]&amp;quot;).click()\n        time.sleep(1)\n        driver.find_element(By.ID, &amp;quot;cod&amp;quot;).click()\n        time.sleep(1)\n        driver.find_element(By.XPATH, &amp;quot;//input[@type=&amp;#x27;submit&amp;#x27; and @value=&amp;#x27;Place Order&amp;#x27;]&amp;quot;).click()\n        time.sleep(1)\n        address_input = driver.find_element(By.ID, &amp;quot;address&amp;quot;)\n        address_input.clear()\n        driver.find_element(By.ID, &amp;quot;address2&amp;quot;).send_keys(&amp;quot;123 abc&amp;quot;)\n        Select(driver.find_element(By.ID, &amp;quot;country&amp;quot;)).select_by_value(&amp;quot;Bangladesh&amp;quot;)\n        Select(driver.find_element(By.ID, &amp;quot;state&amp;quot;)).select_by_value(&amp;quot;Dhaka&amp;quot;)\n        driver.find_element(By.ID, &amp;quot;zip&amp;quot;).send_keys(&amp;quot;32&amp;quot;)\n        driver.find_element(By.XPATH, &amp;quot;//button[contains(text(), &amp;#x27;Confirm order&amp;#x27;)]&amp;quot;).click()\n    \n        #Check blank input\n        check_blank = None\n        try:\n            check_blank = address_input.get_attribute(&amp;quot;validationMessage&amp;quot;)\n            print(&amp;quot;Blank error is: &amp;quot;, check_blank)\n        except StaleElementReferenceException:\n            print(&amp;quot;Blank error is displayed unsuccessfully&amp;quot;)\n        time.sleep(2)\n    \n&amp;gt;       assert check_blank is not None\nE       assert None is not None\n\nTest_checkout.py:73: AssertionError\n\n------------------------------ Captured log setup ------------------------------\nWARNING  selenium.webdriver.common.selenium_manager:selenium_manager.py:138 The chromedriver version (129.0.6668.91) detected in PATH at C:\\Program Files\\chromedriver\\chromedriver.exe might not be compatible with the detected chrome version (130.0.6723.116); currently, chromedriver 130.0.6723.116 is recommended for chrome 130.*, so it is advised to delete the driver in PATH and retry\n\n----------------------------- Captured stdout call -----------------------------\nBlank error is displayed unsuccessfully\n&#34;}], &#34;Test_login_logout.py::test_valid_login&#34;: [{&#34;extras&#34;: [], &#34;result&#34;: &#34;Passed&#34;, &#34;testId&#34;: &#34;Test_login_logout.py::test_valid_login&#34;, &#34;duration&#34;: &#34;00:00:13&#34;, &#34;resultsTableRow&#34;: [&#34;&lt;td class=\&#34;col-result\&#34;&gt;Passed&lt;/td&gt;&#34;, &#34;&lt;td class=\&#34;col-testId\&#34;&gt;Test_login_logout.py::test_valid_login&lt;/td&gt;&#34;, &#34;&lt;td class=\&#34;col-duration\&#34;&gt;00:00:13&lt;/td&gt;&#34;, &#34;&lt;td class=\&#34;col-links\&#34;&gt;&lt;/td&gt;&#34;], &#34;log&#34;: &#34;------------------------------ Captured log setup ------------------------------\nWARNING  selenium.webdriver.common.selenium_manager:selenium_manager.py:138 The chromedriver version (129.0.6668.91) detected in PATH at C:\\Program Files\\chromedriver\\chromedriver.exe might not be compatible with the detected chrome version (130.0.6723.116); currently, chromedriver 130.0.6723.116 is recommended for chrome 130.*, so it is advised to delete the driver in PATH and retry\n&#34;}], &#34;Test_login_logout.py::test_wrong_pass&#34;: [{&#34;extras&#34;: [], &#34;result&#34;: &#34;Passed&#34;, &#34;testId&#34;: &#34;Test_login_logout.py::test_wrong_pass&#34;, &#34;duration&#34;: &#34;00:00:11&#34;, &#34;resultsTableRow&#34;: [&#34;&lt;td class=\&#34;col-result\&#34;&gt;Passed&lt;/td&gt;&#34;, &#34;&lt;td class=\&#34;col-testId\&#34;&gt;Test_login_logout.py::test_wrong_pass&lt;/td&gt;&#34;, &#34;&lt;td class=\&#34;col-duration\&#34;&gt;00:00:11&lt;/td&gt;&#34;, &#34;&lt;td class=\&#34;col-links\&#34;&gt;&lt;/td&gt;&#34;], &#34;log&#34;: &#34;------------------------------ Captured log setup ------------------------------\nWARNING  selenium.webdriver.common.selenium_manager:selenium_manager.py:138 The chromedriver version (129.0.6668.91) detected in PATH at C:\\Program Files\\chromedriver\\chromedriver.exe might not be compatible with the detected chrome version (130.0.6723.116); currently, chromedriver 130.0.6723.116 is recommended for chrome 130.*, so it is advised to delete the driver in PATH and retry\n\n----------------------------- Captured stdout call -----------------------------\nCheck invalid Password:  True\n&#34;}], &#34;Test_login_logout.py::test_wrong_Email&#34;: [{&#34;extras&#34;: [], &#34;result&#34;: &#34;Passed&#34;, &#34;testId&#34;: &#34;Test_login_logout.py::test_wrong_Email&#34;, &#34;duration&#34;: &#34;00:00:11&#34;, &#34;resultsTableRow&#34;: [&#34;&lt;td class=\&#34;col-result\&#34;&gt;Passed&lt;/td&gt;&#34;, &#34;&lt;td class=\&#34;col-testId\&#34;&gt;Test_login_logout.py::test_wrong_Email&lt;/td&gt;&#34;, &#34;&lt;td class=\&#34;col-duration\&#34;&gt;00:00:11&lt;/td&gt;&#34;, &#34;&lt;td class=\&#34;col-links\&#34;&gt;&lt;/td&gt;&#34;], &#34;log&#34;: &#34;------------------------------ Captured log setup ------------------------------\nWARNING  selenium.webdriver.common.selenium_manager:selenium_manager.py:138 The chromedriver version (129.0.6668.91) detected in PATH at C:\\Program Files\\chromedriver\\chromedriver.exe might not be compatible with the detected chrome version (130.0.6723.116); currently, chromedriver 130.0.6723.116 is recommended for chrome 130.*, so it is advised to delete the driver in PATH and retry\n\n----------------------------- Captured stdout call -----------------------------\nCheck invalid Email:  True\n&#34;}], &#34;Test_login_logout.py::test_SQL_injection_password&#34;: [{&#34;extras&#34;: [], &#34;result&#34;: &#34;Passed&#34;, &#34;testId&#34;: &#34;Test_login_logout.py::test_SQL_injection_password&#34;, &#34;duration&#34;: &#34;00:00:11&#34;, &#34;resultsTableRow&#34;: [&#34;&lt;td class=\&#34;col-result\&#34;&gt;Passed&lt;/td&gt;&#34;, &#34;&lt;td class=\&#34;col-testId\&#34;&gt;Test_login_logout.py::test_SQL_injection_password&lt;/td&gt;&#34;, &#34;&lt;td class=\&#34;col-duration\&#34;&gt;00:00:11&lt;/td&gt;&#34;, &#34;&lt;td class=\&#34;col-links\&#34;&gt;&lt;/td&gt;&#34;], &#34;log&#34;: &#34;------------------------------ Captured log setup ------------------------------\nWARNING  selenium.webdriver.common.selenium_manager:selenium_manager.py:138 The chromedriver version (129.0.6668.91) detected in PATH at C:\\Program Files\\chromedriver\\chromedriver.exe might not be compatible with the detected chrome version (130.0.6723.116); currently, chromedriver 130.0.6723.116 is recommended for chrome 130.*, so it is advised to delete the driver in PATH and retry\n\n----------------------------- Captured stdout call -----------------------------\nError is:  Vui l\u00f2ng bao g\u1ed3m &amp;#x27;@&amp;#x27; trong \u0111\u1ecba ch\u1ec9 email. &amp;#x27;&amp;#x27; OR &amp;#x27;1&amp;#x27;=&amp;#x27;1&amp;#x27; b\u1ecb thi\u1ebfu &amp;#x27;@&amp;#x27;.\nCheck sql injection - Email:  Vui l\u00f2ng bao g\u1ed3m &amp;#x27;@&amp;#x27; trong \u0111\u1ecba ch\u1ec9 email. &amp;#x27;&amp;#x27; OR &amp;#x27;1&amp;#x27;=&amp;#x27;1&amp;#x27; b\u1ecb thi\u1ebfu &amp;#x27;@&amp;#x27;.\n&#34;}], &#34;Test_login_logout.py::test_logout&#34;: [{&#34;extras&#34;: [], &#34;result&#34;: &#34;Passed&#34;, &#34;testId&#34;: &#34;Test_login_logout.py::test_logout&#34;, &#34;duration&#34;: &#34;00:00:14&#34;, &#34;resultsTableRow&#34;: [&#34;&lt;td class=\&#34;col-result\&#34;&gt;Passed&lt;/td&gt;&#34;, &#34;&lt;td class=\&#34;col-testId\&#34;&gt;Test_login_logout.py::test_logout&lt;/td&gt;&#34;, &#34;&lt;td class=\&#34;col-duration\&#34;&gt;00:00:14&lt;/td&gt;&#34;, &#34;&lt;td class=\&#34;col-links\&#34;&gt;&lt;/td&gt;&#34;], &#34;log&#34;: &#34;------------------------------ Captured log setup ------------------------------\nWARNING  selenium.webdriver.common.selenium_manager:selenium_manager.py:138 The chromedriver version (129.0.6668.91) detected in PATH at C:\\Program Files\\chromedriver\\chromedriver.exe might not be compatible with the detected chrome version (130.0.6723.116); currently, chromedriver 130.0.6723.116 is recommended for chrome 130.*, so it is advised to delete the driver in PATH and retry\n\n----------------------------- Captured stdout call -----------------------------\nLog out successfully\n&#34;}], &#34;Test_navigation.py::test_navigation_menu&#34;: [{&#34;extras&#34;: [], &#34;result&#34;: &#34;Passed&#34;, &#34;testId&#34;: &#34;Test_navigation.py::test_navigation_menu&#34;, &#34;duration&#34;: &#34;00:00:32&#34;, &#34;resultsTableRow&#34;: [&#34;&lt;td class=\&#34;col-result\&#34;&gt;Passed&lt;/td&gt;&#34;, &#34;&lt;td class=\&#34;col-testId\&#34;&gt;Test_navigation.py::test_navigation_menu&lt;/td&gt;&#34;, &#34;&lt;td class=\&#34;col-duration\&#34;&gt;00:00:32&lt;/td&gt;&#34;, &#34;&lt;td class=\&#34;col-links\&#34;&gt;&lt;/td&gt;&#34;], &#34;log&#34;: &#34;------------------------------ Captured log setup ------------------------------\nWARNING  selenium.webdriver.common.selenium_manager:selenium_manager.py:138 The chromedriver version (129.0.6668.91) detected in PATH at C:\\Program Files\\chromedriver\\chromedriver.exe might not be compatible with the detected chrome version (130.0.6723.116); currently, chromedriver 130.0.6723.116 is recommended for chrome 130.*, so it is advised to delete the driver in PATH and retry\n\n----------------------------- Captured stdout call -----------------------------\nResponse code - Home: 200 - True\nResponse code - About: 200 - True\nResponse code - Menu: 200 - True\nResponse code - Trace Order: 200 - True\nResponse code - My Order: 200 - True\nResponse code - Chefs: 200 - True\nResponse code - Contact Us: 200 - True\nResponse code - : 200 - True\n&#34;}], &#34;Test_navigation.py::test_navigation_logo&#34;: [{&#34;extras&#34;: [], &#34;result&#34;: &#34;Failed&#34;, &#34;testId&#34;: &#34;Test_navigation.py::test_navigation_logo&#34;, &#34;duration&#34;: &#34;00:00:09&#34;, &#34;resultsTableRow&#34;: [&#34;&lt;td class=\&#34;col-result\&#34;&gt;Failed&lt;/td&gt;&#34;, &#34;&lt;td class=\&#34;col-testId\&#34;&gt;Test_navigation.py::test_navigation_logo&lt;/td&gt;&#34;, &#34;&lt;td class=\&#34;col-duration\&#34;&gt;00:00:09&lt;/td&gt;&#34;, &#34;&lt;td class=\&#34;col-links\&#34;&gt;&lt;/td&gt;&#34;], &#34;log&#34;: &#34;driver = &amp;lt;selenium.webdriver.chrome.webdriver.WebDriver (session=&amp;quot;88576026538f86e3f7a5af97d77fa7c2&amp;quot;)&amp;gt;\n\n    def test_navigation_logo(driver):\n        #main\n        driver.get(&amp;quot;http://127.0.0.1:8000/&amp;quot;)\n        time.sleep(1)\n        header = driver.find_element(By.TAG_NAME, &amp;quot;header&amp;quot;)\n        logo_element = header.find_element(By.CLASS_NAME, &amp;quot;logo&amp;quot;)\n        link_url = logo_element.get_attribute(&amp;quot;href&amp;quot;)\n        check_link_response = True\n        # S\u1eed d\u1ee5ng th\u01b0 vi\u1ec7n requests \u0111\u1ec3 ki\u1ec3m tra m\u00e3 ph\u1ea3n h\u1ed3i HTTP\n        response = requests.get(link_url)\n        response_code = response.status_code\n        if response_code == 200:\n            check_link_response = check_link_response and True\n        else:\n            check_link_response = check_link_response and False\n        print(f&amp;quot;Response code - logo: {response_code} - {check_link_response}&amp;quot;)\n        logo_element.click()\n        time.sleep(3)\n    \n&amp;gt;       assert check_link_response\nE       assert False\n\nTest_navigation.py:71: AssertionError\n\n------------------------------ Captured log setup ------------------------------\nWARNING  selenium.webdriver.common.selenium_manager:selenium_manager.py:138 The chromedriver version (129.0.6668.91) detected in PATH at C:\\Program Files\\chromedriver\\chromedriver.exe might not be compatible with the detected chrome version (130.0.6723.116); currently, chromedriver 130.0.6723.116 is recommended for chrome 130.*, so it is advised to delete the driver in PATH and retry\n\n----------------------------- Captured stdout call -----------------------------\nResponse code - logo: 404 - False\n&#34;}], &#34;Test_register.py::test_register_success&#34;: [{&#34;extras&#34;: [], &#34;result&#34;: &#34;Passed&#34;, &#34;testId&#34;: &#34;Test_register.py::test_register_success&#34;, &#34;duration&#34;: &#34;00:00:12&#34;, &#34;resultsTableRow&#34;: [&#34;&lt;td class=\&#34;col-result\&#34;&gt;Passed&lt;/td&gt;&#34;, &#34;&lt;td class=\&#34;col-testId\&#34;&gt;Test_register.py::test_register_success&lt;/td&gt;&#34;, &#34;&lt;td class=\&#34;col-duration\&#34;&gt;00:00:12&lt;/td&gt;&#34;, &#34;&lt;td class=\&#34;col-links\&#34;&gt;&lt;/td&gt;&#34;], &#34;log&#34;: &#34;------------------------------ Captured log setup ------------------------------\nWARNING  selenium.webdriver.common.selenium_manager:selenium_manager.py:138 The chromedriver version (129.0.6668.91) detected in PATH at C:\\Program Files\\chromedriver\\chromedriver.exe might not be compatible with the detected chrome version (130.0.6723.116); currently, chromedriver 130.0.6723.116 is recommended for chrome 130.*, so it is advised to delete the driver in PATH and retry\n&#34;}], &#34;Test_register.py::test_register_blank_name_input&#34;: [{&#34;extras&#34;: [], &#34;result&#34;: &#34;Passed&#34;, &#34;testId&#34;: &#34;Test_register.py::test_register_blank_name_input&#34;, &#34;duration&#34;: &#34;00:00:11&#34;, &#34;resultsTableRow&#34;: [&#34;&lt;td class=\&#34;col-result\&#34;&gt;Passed&lt;/td&gt;&#34;, &#34;&lt;td class=\&#34;col-testId\&#34;&gt;Test_register.py::test_register_blank_name_input&lt;/td&gt;&#34;, &#34;&lt;td class=\&#34;col-duration\&#34;&gt;00:00:11&lt;/td&gt;&#34;, &#34;&lt;td class=\&#34;col-links\&#34;&gt;&lt;/td&gt;&#34;], &#34;log&#34;: &#34;------------------------------ Captured log setup ------------------------------\nWARNING  selenium.webdriver.common.selenium_manager:selenium_manager.py:138 The chromedriver version (129.0.6668.91) detected in PATH at C:\\Program Files\\chromedriver\\chromedriver.exe might not be compatible with the detected chrome version (130.0.6723.116); currently, chromedriver 130.0.6723.116 is recommended for chrome 130.*, so it is advised to delete the driver in PATH and retry\n\n----------------------------- Captured stdout call -----------------------------\nBlank error is:  Vui l\u00f2ng \u0111i\u1ec1n v\u00e0o tr\u01b0\u1eddng n\u00e0y.\n&#34;}], &#34;Test_register.py::test_register_blank_email_input&#34;: [{&#34;extras&#34;: [], &#34;result&#34;: &#34;Passed&#34;, &#34;testId&#34;: &#34;Test_register.py::test_register_blank_email_input&#34;, &#34;duration&#34;: &#34;00:00:11&#34;, &#34;resultsTableRow&#34;: [&#34;&lt;td class=\&#34;col-result\&#34;&gt;Passed&lt;/td&gt;&#34;, &#34;&lt;td class=\&#34;col-testId\&#34;&gt;Test_register.py::test_register_blank_email_input&lt;/td&gt;&#34;, &#34;&lt;td class=\&#34;col-duration\&#34;&gt;00:00:11&lt;/td&gt;&#34;, &#34;&lt;td class=\&#34;col-links\&#34;&gt;&lt;/td&gt;&#34;], &#34;log&#34;: &#34;------------------------------ Captured log setup ------------------------------\nWARNING  selenium.webdriver.common.selenium_manager:selenium_manager.py:138 The chromedriver version (129.0.6668.91) detected in PATH at C:\\Program Files\\chromedriver\\chromedriver.exe might not be compatible with the detected chrome version (130.0.6723.116); currently, chromedriver 130.0.6723.116 is recommended for chrome 130.*, so it is advised to delete the driver in PATH and retry\n\n----------------------------- Captured stdout call -----------------------------\nBlank error is:  Vui l\u00f2ng \u0111i\u1ec1n v\u00e0o tr\u01b0\u1eddng n\u00e0y.\n&#34;}], &#34;Test_register.py::test_register_invalid_format_email_input&#34;: [{&#34;extras&#34;: [], &#34;result&#34;: &#34;Passed&#34;, &#34;testId&#34;: &#34;Test_register.py::test_register_invalid_format_email_input&#34;, &#34;duration&#34;: &#34;00:00:11&#34;, &#34;resultsTableRow&#34;: [&#34;&lt;td class=\&#34;col-result\&#34;&gt;Passed&lt;/td&gt;&#34;, &#34;&lt;td class=\&#34;col-testId\&#34;&gt;Test_register.py::test_register_invalid_format_email_input&lt;/td&gt;&#34;, &#34;&lt;td class=\&#34;col-duration\&#34;&gt;00:00:11&lt;/td&gt;&#34;, &#34;&lt;td class=\&#34;col-links\&#34;&gt;&lt;/td&gt;&#34;], &#34;log&#34;: &#34;------------------------------ Captured log setup ------------------------------\nWARNING  selenium.webdriver.common.selenium_manager:selenium_manager.py:138 The chromedriver version (129.0.6668.91) detected in PATH at C:\\Program Files\\chromedriver\\chromedriver.exe might not be compatible with the detected chrome version (130.0.6723.116); currently, chromedriver 130.0.6723.116 is recommended for chrome 130.*, so it is advised to delete the driver in PATH and retry\n\n----------------------------- Captured stdout call -----------------------------\nFormat error is:  Vui l\u00f2ng bao g\u1ed3m &amp;#x27;@&amp;#x27; trong \u0111\u1ecba ch\u1ec9 email. &amp;#x27;3wQMlZ&amp;#x27; b\u1ecb thi\u1ebfu &amp;#x27;@&amp;#x27;.\n&#34;}], &#34;Test_register.py::test_register_exceed_email_input&#34;: [{&#34;extras&#34;: [], &#34;result&#34;: &#34;Failed&#34;, &#34;testId&#34;: &#34;Test_register.py::test_register_exceed_email_input&#34;, &#34;duration&#34;: &#34;00:00:12&#34;, &#34;resultsTableRow&#34;: [&#34;&lt;td class=\&#34;col-result\&#34;&gt;Failed&lt;/td&gt;&#34;, &#34;&lt;td class=\&#34;col-testId\&#34;&gt;Test_register.py::test_register_exceed_email_input&lt;/td&gt;&#34;, &#34;&lt;td class=\&#34;col-duration\&#34;&gt;00:00:12&lt;/td&gt;&#34;, &#34;&lt;td class=\&#34;col-links\&#34;&gt;&lt;/td&gt;&#34;], &#34;log&#34;: &#34;driver = &amp;lt;selenium.webdriver.chrome.webdriver.WebDriver (session=&amp;quot;307c3b924eab8c6681c247f386b295ee&amp;quot;)&amp;gt;\n\n    def test_register_exceed_email_input(driver):\n        #main\n        driver.get(&amp;quot;http://127.0.0.1:8000/&amp;quot;)\n        time.sleep(1)\n        driver.find_element(By.XPATH, &amp;quot;//*[text()=&amp;#x27;Register&amp;#x27;]&amp;quot;).click()\n    \n        time.sleep(1)\n        name = generate_random_string(8)\n        number = &amp;#x27;&amp;#x27;.join(random.choice(string.digits) for i in range(10))\n        password = generate_random_string(12)\n    \n        driver.find_element(By.ID, &amp;quot;name&amp;quot;).send_keys(name)\n        email_input = driver.find_element(By.ID, &amp;quot;email&amp;quot;)\n        driver.find_element(By.ID, &amp;quot;phone&amp;quot;).send_keys(number)\n        driver.find_element(By.ID, &amp;quot;password&amp;quot;).send_keys(password)\n        driver.find_element(By.ID, &amp;quot;password_confirmation&amp;quot;).send_keys(password)\n        time.sleep(1)\n    \n        email = generate_random_string(1000) + &amp;quot;@gmail.com&amp;quot;\n        email_input.send_keys(email)\n        driver.find_element(By.TAG_NAME, &amp;quot;button&amp;quot;).click()\n        time.sleep(1)\n        #Check exceeded character count\n        check_exceed = None\n        try:\n            check_exceed = email_input.get_attribute(&amp;quot;validationMessage&amp;quot;)\n            print(&amp;quot;Exceed error is: &amp;quot;, check_exceed)\n        except StaleElementReferenceException:\n            print(&amp;quot;Exceed error is displayed unsuccessfully&amp;quot;)\n        time.sleep(2)\n    \n&amp;gt;       assert check_exceed is not None\nE       assert None is not None\n\nTest_register.py:168: AssertionError\n\n------------------------------ Captured log setup ------------------------------\nWARNING  selenium.webdriver.common.selenium_manager:selenium_manager.py:138 The chromedriver version (129.0.6668.91) detected in PATH at C:\\Program Files\\chromedriver\\chromedriver.exe might not be compatible with the detected chrome version (130.0.6723.116); currently, chromedriver 130.0.6723.116 is recommended for chrome 130.*, so it is advised to delete the driver in PATH and retry\n\n----------------------------- Captured stdout call -----------------------------\nExceed error is displayed unsuccessfully\n&#34;}], &#34;Test_reservation.py::test_reservation_login&#34;: [{&#34;extras&#34;: [], &#34;result&#34;: &#34;Passed&#34;, &#34;testId&#34;: &#34;Test_reservation.py::test_reservation_login&#34;, &#34;duration&#34;: &#34;00:00:17&#34;, &#34;resultsTableRow&#34;: [&#34;&lt;td class=\&#34;col-result\&#34;&gt;Passed&lt;/td&gt;&#34;, &#34;&lt;td class=\&#34;col-testId\&#34;&gt;Test_reservation.py::test_reservation_login&lt;/td&gt;&#34;, &#34;&lt;td class=\&#34;col-duration\&#34;&gt;00:00:17&lt;/td&gt;&#34;, &#34;&lt;td class=\&#34;col-links\&#34;&gt;&lt;/td&gt;&#34;], &#34;log&#34;: &#34;------------------------------ Captured log setup ------------------------------\nWARNING  selenium.webdriver.common.selenium_manager:selenium_manager.py:138 The chromedriver version (129.0.6668.91) detected in PATH at C:\\Program Files\\chromedriver\\chromedriver.exe might not be compatible with the detected chrome version (130.0.6723.116); currently, chromedriver 130.0.6723.116 is recommended for chrome 130.*, so it is advised to delete the driver in PATH and retry\n&#34;}], &#34;Test_reservation.py::test_reservation_no_login&#34;: [{&#34;extras&#34;: [], &#34;result&#34;: &#34;Failed&#34;, &#34;testId&#34;: &#34;Test_reservation.py::test_reservation_no_login&#34;, &#34;duration&#34;: &#34;00:00:09&#34;, &#34;resultsTableRow&#34;: [&#34;&lt;td class=\&#34;col-result\&#34;&gt;Failed&lt;/td&gt;&#34;, &#34;&lt;td class=\&#34;col-testId\&#34;&gt;Test_reservation.py::test_reservation_no_login&lt;/td&gt;&#34;, &#34;&lt;td class=\&#34;col-duration\&#34;&gt;00:00:09&lt;/td&gt;&#34;, &#34;&lt;td class=\&#34;col-links\&#34;&gt;&lt;/td&gt;&#34;], &#34;log&#34;: &#34;driver = &amp;lt;selenium.webdriver.chrome.webdriver.WebDriver (session=&amp;quot;835f1d39e718a9a55c221190a9da5003&amp;quot;)&amp;gt;\n\n    def test_reservation_no_login(driver):\n        #main\n        driver.get(&amp;quot;http://127.0.0.1:8000/&amp;quot;)\n        time.sleep(1)\n        driver.find_element(By.ID, &amp;quot;name&amp;quot;).send_keys(&amp;quot;customer&amp;quot;)\n        driver.find_element(By.ID, &amp;quot;email&amp;quot;).send_keys(&amp;quot;customer@gmail.com&amp;quot;)\n        driver.find_element(By.ID, &amp;quot;phone&amp;quot;).send_keys(&amp;quot;09862517818&amp;quot;)\n        Select(driver.find_element(By.ID, &amp;quot;number-guests&amp;quot;)).select_by_value(&amp;quot;5&amp;quot;)\n        driver.find_element(By.ID, &amp;quot;date&amp;quot;).send_keys(&amp;quot;30.12.2024&amp;quot;)\n        Select(driver.find_element(By.ID, &amp;quot;time&amp;quot;)).select_by_value(&amp;quot;Lunch&amp;quot;)\n        driver.find_element(By.ID, &amp;quot;message&amp;quot;).send_keys(&amp;quot;abcsysasjdasjkaskd&amp;quot;)\n        driver.find_element(By.ID, &amp;quot;form-submit&amp;quot;).click()\n    \n        time.sleep(3)\n&amp;gt;       assert driver.find_element(By.TAG_NAME, &amp;quot;h1&amp;quot;).text == &amp;quot;Success&amp;quot;\n\nTest_reservation.py:49: \n_ _ _ _ _ _ _ _ _ _ _ _ _ _ _ _ _ _ _ _ _ _ _ _ _ _ _ _ _ _ _ _ _ _ _ _ _ _ _ _ _ _ _ _ _ _ _ _ _ _ _ _ _ _ _ _ _ _ _ _ _ _ _ _ _ _ _ _ _ _ _ _ _ _ _ _ _ _ _\nC:\\ProgramData\\anaconda3\\Lib\\site-packages\\selenium\\webdriver\\remote\\webdriver.py:748: in find_element\n    return self.execute(Command.FIND_ELEMENT, {&amp;quot;using&amp;quot;: by, &amp;quot;value&amp;quot;: value})[&amp;quot;value&amp;quot;]\nC:\\ProgramData\\anaconda3\\Lib\\site-packages\\selenium\\webdriver\\remote\\webdriver.py:354: in execute\n    self.error_handler.check_response(response)\n_ _ _ _ _ _ _ _ _ _ _ _ _ _ _ _ _ _ _ _ _ _ _ _ _ _ _ _ _ _ _ _ _ _ _ _ _ _ _ _ _ _ _ _ _ _ _ _ _ _ _ _ _ _ _ _ _ _ _ _ _ _ _ _ _ _ _ _ _ _ _ _ _ _ _ _ _ _ _\n\nself = &amp;lt;selenium.webdriver.remote.errorhandler.ErrorHandler object at 0x00000173796DC950&amp;gt;\nresponse = {&amp;#x27;status&amp;#x27;: 404, &amp;#x27;value&amp;#x27;: &amp;#x27;{&amp;quot;value&amp;quot;:{&amp;quot;error&amp;quot;:&amp;quot;no such element&amp;quot;,&amp;quot;message&amp;quot;:&amp;quot;no such element: Unable to locate element: {\\...07FF77BF265CF]\\\\n\\\\tBaseThreadInitThunk [0x00007FF9CD2A257D+29]\\\\n\\\\tRtlUserThreadStart [0x00007FF9CE4EAF08+40]\\\\n&amp;quot;}}&amp;#x27;}\n\n    def check_response(self, response: Dict[str, Any]) -&amp;gt; None:\n        &amp;quot;&amp;quot;&amp;quot;Checks that a JSON response from the WebDriver does not have an\n        error.\n    \n        :Args:\n         - response - The JSON response from the WebDriver server as a dictionary\n           object.\n    \n        :Raises: If the response contains an error message.\n        &amp;quot;&amp;quot;&amp;quot;\n        status = response.get(&amp;quot;status&amp;quot;, None)\n        if not status or status == ErrorCode.SUCCESS:\n            return\n        value = None\n        message = response.get(&amp;quot;message&amp;quot;, &amp;quot;&amp;quot;)\n        screen: str = response.get(&amp;quot;screen&amp;quot;, &amp;quot;&amp;quot;)\n        stacktrace = None\n        if isinstance(status, int):\n            value_json = response.get(&amp;quot;value&amp;quot;, None)\n            if value_json and isinstance(value_json, str):\n                import json\n    \n                try:\n                    value = json.loads(value_json)\n                    if len(value) == 1:\n                        value = value[&amp;quot;value&amp;quot;]\n                    status = value.get(&amp;quot;error&amp;quot;, None)\n                    if not status:\n                        status = value.get(&amp;quot;status&amp;quot;, ErrorCode.UNKNOWN_ERROR)\n                        message = value.get(&amp;quot;value&amp;quot;) or value.get(&amp;quot;message&amp;quot;)\n                        if not isinstance(message, str):\n                            value = message\n                            message = message.get(&amp;quot;message&amp;quot;)\n                    else:\n                        message = value.get(&amp;quot;message&amp;quot;, None)\n                except ValueError:\n                    pass\n    \n        exception_class: Type[WebDriverException]\n        e = ErrorCode()\n        error_codes = [item for item in dir(e) if not item.startswith(&amp;quot;__&amp;quot;)]\n        for error_code in error_codes:\n            error_info = getattr(ErrorCode, error_code)\n            if isinstance(error_info, list) and status in error_info:\n                exception_class = getattr(ExceptionMapping, error_code, WebDriverException)\n                break\n        else:\n            exception_class = WebDriverException\n    \n        if not value:\n            value = response[&amp;quot;value&amp;quot;]\n        if isinstance(value, str):\n            raise exception_class(value)\n        if message == &amp;quot;&amp;quot; and &amp;quot;message&amp;quot; in value:\n            message = value[&amp;quot;message&amp;quot;]\n    \n        screen = None  # type: ignore[assignment]\n        if &amp;quot;screen&amp;quot; in value:\n            screen = value[&amp;quot;screen&amp;quot;]\n    \n        stacktrace = None\n        st_value = value.get(&amp;quot;stackTrace&amp;quot;) or value.get(&amp;quot;stacktrace&amp;quot;)\n        if st_value:\n            if isinstance(st_value, str):\n                stacktrace = st_value.split(&amp;quot;\\n&amp;quot;)\n            else:\n                stacktrace = []\n                try:\n                    for frame in st_value:\n                        line = frame.get(&amp;quot;lineNumber&amp;quot;, &amp;quot;&amp;quot;)\n                        file = frame.get(&amp;quot;fileName&amp;quot;, &amp;quot;&amp;lt;anonymous&amp;gt;&amp;quot;)\n                        if line:\n                            file = f&amp;quot;{file}:{line}&amp;quot;\n                        meth = frame.get(&amp;quot;methodName&amp;quot;, &amp;quot;&amp;lt;anonymous&amp;gt;&amp;quot;)\n                        if &amp;quot;className&amp;quot; in frame:\n                            meth = f&amp;quot;{frame[&amp;#x27;className&amp;#x27;]}.{meth}&amp;quot;\n                        msg = &amp;quot;    at %s (%s)&amp;quot;\n                        msg = msg % (meth, file)\n                        stacktrace.append(msg)\n                except TypeError:\n                    pass\n        if exception_class == UnexpectedAlertPresentException:\n            alert_text = None\n            if &amp;quot;data&amp;quot; in value:\n                alert_text = value[&amp;quot;data&amp;quot;].get(&amp;quot;text&amp;quot;)\n            elif &amp;quot;alert&amp;quot; in value:\n                alert_text = value[&amp;quot;alert&amp;quot;].get(&amp;quot;text&amp;quot;)\n            raise exception_class(message, screen, stacktrace, alert_text)  # type: ignore[call-arg]  # mypy is not smart enough here\n&amp;gt;       raise exception_class(message, screen, stacktrace)\nE       selenium.common.exceptions.NoSuchElementException: Message: no such element: Unable to locate element: {&amp;quot;method&amp;quot;:&amp;quot;tag name&amp;quot;,&amp;quot;selector&amp;quot;:&amp;quot;h1&amp;quot;}\nE         (Session info: chrome=130.0.6723.116); For documentation on this error, please visit: https://www.selenium.dev/documentation/webdriver/troubleshooting/errors#no-such-element-exception\nE       Stacktrace:\nE       \tGetHandleVerifier [0x00007FF77BFBB675+29573]\nE       \t(No symbol) [0x00007FF77BF304A0]\nE       \t(No symbol) [0x00007FF77BDEB6EA]\nE       \t(No symbol) [0x00007FF77BE3F815]\nE       \t(No symbol) [0x00007FF77BE3FA6C]\nE       \t(No symbol) [0x00007FF77BE8B917]\nE       \t(No symbol) [0x00007FF77BE6733F]\nE       \t(No symbol) [0x00007FF77BE886BC]\nE       \t(No symbol) [0x00007FF77BE670A3]\nE       \t(No symbol) [0x00007FF77BE312DF]\nE       \t(No symbol) [0x00007FF77BE32441]\nE       \tGetHandleVerifier [0x00007FF77C2EC5BD+3375821]\nE       \tGetHandleVerifier [0x00007FF77C3379B7+3684039]\nE       \tGetHandleVerifier [0x00007FF77C32CDDB+3640043]\nE       \tGetHandleVerifier [0x00007FF77C07B7F6+816390]\nE       \t(No symbol) [0x00007FF77BF3B7AF]\nE       \t(No symbol) [0x00007FF77BF375D4]\nE       \t(No symbol) [0x00007FF77BF37770]\nE       \t(No symbol) [0x00007FF77BF265CF]\nE       \tBaseThreadInitThunk [0x00007FF9CD2A257D+29]\nE       \tRtlUserThreadStart [0x00007FF9CE4EAF08+40]\n\nC:\\ProgramData\\anaconda3\\Lib\\site-packages\\selenium\\webdriver\\remote\\errorhandler.py:229: NoSuchElementException\n\n------------------------------ Captured log setup ------------------------------\nWARNING  selenium.webdriver.common.selenium_manager:selenium_manager.py:138 The chromedriver version (129.0.6668.91) detected in PATH at C:\\Program Files\\chromedriver\\chromedriver.exe might not be compatible with the detected chrome version (130.0.6723.116); currently, chromedriver 130.0.6723.116 is recommended for chrome 130.*, so it is advised to delete the driver in PATH and retry\n&#34;}], &#34;Test_reservation.py::test_reservation_blank_email_input&#34;: [{&#34;extras&#34;: [], &#34;result&#34;: &#34;Passed&#34;, &#34;testId&#34;: &#34;Test_reservation.py::test_reservation_blank_email_input&#34;, &#34;duration&#34;: &#34;00:00:13&#34;, &#34;resultsTableRow&#34;: [&#34;&lt;td class=\&#34;col-result\&#34;&gt;Passed&lt;/td&gt;&#34;, &#34;&lt;td class=\&#34;col-testId\&#34;&gt;Test_reservation.py::test_reservation_blank_email_input&lt;/td&gt;&#34;, &#34;&lt;td class=\&#34;col-duration\&#34;&gt;00:00:13&lt;/td&gt;&#34;, &#34;&lt;td class=\&#34;col-links\&#34;&gt;&lt;/td&gt;&#34;], &#34;log&#34;: &#34;------------------------------ Captured log setup ------------------------------\nWARNING  selenium.webdriver.common.selenium_manager:selenium_manager.py:138 The chromedriver version (129.0.6668.91) detected in PATH at C:\\Program Files\\chromedriver\\chromedriver.exe might not be compatible with the detected chrome version (130.0.6723.116); currently, chromedriver 130.0.6723.116 is recommended for chrome 130.*, so it is advised to delete the driver in PATH and retry\n\n----------------------------- Captured stdout call -----------------------------\nBlank error is:  Vui l\u00f2ng \u0111i\u1ec1n v\u00e0o tr\u01b0\u1eddng n\u00e0y.\n&#34;}], &#34;Test_reservation.py::test_reservation_invalid_format_email_input&#34;: [{&#34;extras&#34;: [], &#34;result&#34;: &#34;Passed&#34;, &#34;testId&#34;: &#34;Test_reservation.py::test_reservation_invalid_format_email_input&#34;, &#34;duration&#34;: &#34;00:00:12&#34;, &#34;resultsTableRow&#34;: [&#34;&lt;td class=\&#34;col-result\&#34;&gt;Passed&lt;/td&gt;&#34;, &#34;&lt;td class=\&#34;col-testId\&#34;&gt;Test_reservation.py::test_reservation_invalid_format_email_input&lt;/td&gt;&#34;, &#34;&lt;td class=\&#34;col-duration\&#34;&gt;00:00:12&lt;/td&gt;&#34;, &#34;&lt;td class=\&#34;col-links\&#34;&gt;&lt;/td&gt;&#34;], &#34;log&#34;: &#34;------------------------------ Captured log setup ------------------------------\nWARNING  selenium.webdriver.common.selenium_manager:selenium_manager.py:138 The chromedriver version (129.0.6668.91) detected in PATH at C:\\Program Files\\chromedriver\\chromedriver.exe might not be compatible with the detected chrome version (130.0.6723.116); currently, chromedriver 130.0.6723.116 is recommended for chrome 130.*, so it is advised to delete the driver in PATH and retry\n\n----------------------------- Captured stdout call -----------------------------\nFormat error is:  Vui l\u00f2ng kh\u1edbp v\u1edbi \u0111\u1ecbnh d\u1ea1ng \u0111\u01b0\u1ee3c y\u00eau c\u1ea7u.\n&#34;}]}, &#34;renderCollapsed&#34;: [&#34;passed&#34;], &#34;initialSort&#34;: &#34;result&#34;, &#34;title&#34;: &#34;report.html&#34;}"></div>
    <script>
      (function(){function r(e,n,t){function o(i,f){if(!n[i]){if(!e[i]){var c="function"==typeof require&&require;if(!f&&c)return c(i,!0);if(u)return u(i,!0);var a=new Error("Cannot find module '"+i+"'");throw a.code="MODULE_NOT_FOUND",a}var p=n[i]={exports:{}};e[i][0].call(p.exports,function(r){var n=e[i][1][r];return o(n||r)},p,p.exports,r,e,n,t)}return n[i].exports}for(var u="function"==typeof require&&require,i=0;i<t.length;i++)o(t[i]);return o}return r})()({1:[function(require,module,exports){
const { getCollapsedCategory, setCollapsedIds } = require('./storage.js')

class DataManager {
    setManager(data) {
        const collapsedCategories = [...getCollapsedCategory(data.renderCollapsed)]
        const collapsedIds = []
        const tests = Object.values(data.tests).flat().map((test, index) => {
            const collapsed = collapsedCategories.includes(test.result.toLowerCase())
            const id = `test_${index}`
            if (collapsed) {
                collapsedIds.push(id)
            }
            return {
                ...test,
                id,
                collapsed,
            }
        })
        const dataBlob = { ...data, tests }
        this.data = { ...dataBlob }
        this.renderData = { ...dataBlob }
        setCollapsedIds(collapsedIds)
    }

    get allData() {
        return { ...this.data }
    }

    resetRender() {
        this.renderData = { ...this.data }
    }

    setRender(data) {
        this.renderData.tests = [...data]
    }

    toggleCollapsedItem(id) {
        this.renderData.tests = this.renderData.tests.map((test) =>
            test.id === id ? { ...test, collapsed: !test.collapsed } : test,
        )
    }

    set allCollapsed(collapsed) {
        this.renderData = { ...this.renderData, tests: [...this.renderData.tests.map((test) => (
            { ...test, collapsed }
        ))] }
    }

    get testSubset() {
        return [...this.renderData.tests]
    }

    get environment() {
        return this.renderData.environment
    }

    get initialSort() {
        return this.data.initialSort
    }
}

module.exports = {
    manager: new DataManager(),
}

},{"./storage.js":8}],2:[function(require,module,exports){
const mediaViewer = require('./mediaviewer.js')
const templateEnvRow = document.getElementById('template_environment_row')
const templateResult = document.getElementById('template_results-table__tbody')

function htmlToElements(html) {
    const temp = document.createElement('template')
    temp.innerHTML = html
    return temp.content.childNodes
}

const find = (selector, elem) => {
    if (!elem) {
        elem = document
    }
    return elem.querySelector(selector)
}

const findAll = (selector, elem) => {
    if (!elem) {
        elem = document
    }
    return [...elem.querySelectorAll(selector)]
}

const dom = {
    getStaticRow: (key, value) => {
        const envRow = templateEnvRow.content.cloneNode(true)
        const isObj = typeof value === 'object' && value !== null
        const values = isObj ? Object.keys(value).map((k) => `${k}: ${value[k]}`) : null

        const valuesElement = htmlToElements(
            values ? `<ul>${values.map((val) => `<li>${val}</li>`).join('')}<ul>` : `<div>${value}</div>`)[0]
        const td = findAll('td', envRow)
        td[0].textContent = key
        td[1].appendChild(valuesElement)

        return envRow
    },
    getResultTBody: ({ testId, id, log, extras, resultsTableRow, tableHtml, result, collapsed }) => {
        const resultBody = templateResult.content.cloneNode(true)
        resultBody.querySelector('tbody').classList.add(result.toLowerCase())
        resultBody.querySelector('tbody').id = testId
        resultBody.querySelector('.collapsible').dataset.id = id

        resultsTableRow.forEach((html) => {
            const t = document.createElement('template')
            t.innerHTML = html
            resultBody.querySelector('.collapsible').appendChild(t.content)
        })

        if (log) {
            // Wrap lines starting with "E" with span.error to color those lines red
            const wrappedLog = log.replace(/^E.*$/gm, (match) => `<span class="error">${match}</span>`)
            resultBody.querySelector('.log').innerHTML = wrappedLog
        } else {
            resultBody.querySelector('.log').remove()
        }

        if (collapsed) {
            resultBody.querySelector('.collapsible > td')?.classList.add('collapsed')
            resultBody.querySelector('.extras-row').classList.add('hidden')
        } else {
            resultBody.querySelector('.collapsible > td')?.classList.remove('collapsed')
        }

        const media = []
        extras?.forEach(({ name, format_type, content }) => {
            if (['image', 'video'].includes(format_type)) {
                media.push({ path: content, name, format_type })
            }

            if (format_type === 'html') {
                resultBody.querySelector('.extraHTML').insertAdjacentHTML('beforeend', `<div>${content}</div>`)
            }
        })
        mediaViewer.setup(resultBody, media)

        // Add custom html from the pytest_html_results_table_html hook
        tableHtml?.forEach((item) => {
            resultBody.querySelector('td[class="extra"]').insertAdjacentHTML('beforeend', item)
        })

        return resultBody
    },
}

module.exports = {
    dom,
    htmlToElements,
    find,
    findAll,
}

},{"./mediaviewer.js":6}],3:[function(require,module,exports){
const { manager } = require('./datamanager.js')
const { doSort } = require('./sort.js')
const storageModule = require('./storage.js')

const getFilteredSubSet = (filter) =>
    manager.allData.tests.filter(({ result }) => filter.includes(result.toLowerCase()))

const doInitFilter = () => {
    const currentFilter = storageModule.getVisible()
    const filteredSubset = getFilteredSubSet(currentFilter)
    manager.setRender(filteredSubset)
}

const doFilter = (type, show) => {
    if (show) {
        storageModule.showCategory(type)
    } else {
        storageModule.hideCategory(type)
    }

    const currentFilter = storageModule.getVisible()
    const filteredSubset = getFilteredSubSet(currentFilter)
    manager.setRender(filteredSubset)

    const sortColumn = storageModule.getSort()
    doSort(sortColumn, true)
}

module.exports = {
    doFilter,
    doInitFilter,
}

},{"./datamanager.js":1,"./sort.js":7,"./storage.js":8}],4:[function(require,module,exports){
const { redraw, bindEvents, renderStatic } = require('./main.js')
const { doInitFilter } = require('./filter.js')
const { doInitSort } = require('./sort.js')
const { manager } = require('./datamanager.js')
const data = JSON.parse(document.getElementById('data-container').dataset.jsonblob)

function init() {
    manager.setManager(data)
    doInitFilter()
    doInitSort()
    renderStatic()
    redraw()
    bindEvents()
}

init()

},{"./datamanager.js":1,"./filter.js":3,"./main.js":5,"./sort.js":7}],5:[function(require,module,exports){
const { dom, find, findAll } = require('./dom.js')
const { manager } = require('./datamanager.js')
const { doSort } = require('./sort.js')
const { doFilter } = require('./filter.js')
const {
    getVisible,
    getCollapsedIds,
    setCollapsedIds,
    getSort,
    getSortDirection,
    possibleFilters,
} = require('./storage.js')

const removeChildren = (node) => {
    while (node.firstChild) {
        node.removeChild(node.firstChild)
    }
}

const renderStatic = () => {
    const renderEnvironmentTable = () => {
        const environment = manager.environment
        const rows = Object.keys(environment).map((key) => dom.getStaticRow(key, environment[key]))
        const table = document.getElementById('environment')
        removeChildren(table)
        rows.forEach((row) => table.appendChild(row))
    }
    renderEnvironmentTable()
}

const addItemToggleListener = (elem) => {
    elem.addEventListener('click', ({ target }) => {
        const id = target.parentElement.dataset.id
        manager.toggleCollapsedItem(id)

        const collapsedIds = getCollapsedIds()
        if (collapsedIds.includes(id)) {
            const updated = collapsedIds.filter((item) => item !== id)
            setCollapsedIds(updated)
        } else {
            collapsedIds.push(id)
            setCollapsedIds(collapsedIds)
        }
        redraw()
    })
}

const renderContent = (tests) => {
    const sortAttr = getSort(manager.initialSort)
    const sortAsc = JSON.parse(getSortDirection())
    const rows = tests.map(dom.getResultTBody)
    const table = document.getElementById('results-table')
    const tableHeader = document.getElementById('results-table-head')

    const newTable = document.createElement('table')
    newTable.id = 'results-table'

    // remove all sorting classes and set the relevant
    findAll('.sortable', tableHeader).forEach((elem) => elem.classList.remove('asc', 'desc'))
    tableHeader.querySelector(`.sortable[data-column-type="${sortAttr}"]`)?.classList.add(sortAsc ? 'desc' : 'asc')
    newTable.appendChild(tableHeader)

    if (!rows.length) {
        const emptyTable = document.getElementById('template_results-table__body--empty').content.cloneNode(true)
        newTable.appendChild(emptyTable)
    } else {
        rows.forEach((row) => {
            if (!!row) {
                findAll('.collapsible td:not(.col-links', row).forEach(addItemToggleListener)
                find('.logexpander', row).addEventListener('click',
                    (evt) => evt.target.parentNode.classList.toggle('expanded'),
                )
                newTable.appendChild(row)
            }
        })
    }

    table.replaceWith(newTable)
}

const renderDerived = () => {
    const currentFilter = getVisible()
    possibleFilters.forEach((result) => {
        const input = document.querySelector(`input[data-test-result="${result}"]`)
        input.checked = currentFilter.includes(result)
    })
}

const bindEvents = () => {
    const filterColumn = (evt) => {
        const { target: element } = evt
        const { testResult } = element.dataset

        doFilter(testResult, element.checked)
        const collapsedIds = getCollapsedIds()
        const updated = manager.renderData.tests.map((test) => {
            return {
                ...test,
                collapsed: collapsedIds.includes(test.id),
            }
        })
        manager.setRender(updated)
        redraw()
    }

    const header = document.getElementById('environment-header')
    header.addEventListener('click', () => {
        const table = document.getElementById('environment')
        table.classList.toggle('hidden')
        header.classList.toggle('collapsed')
    })

    findAll('input[name="filter_checkbox"]').forEach((elem) => {
        elem.addEventListener('click', filterColumn)
    })

    findAll('.sortable').forEach((elem) => {
        elem.addEventListener('click', (evt) => {
            const { target: element } = evt
            const { columnType } = element.dataset
            doSort(columnType)
            redraw()
        })
    })

    document.getElementById('show_all_details').addEventListener('click', () => {
        manager.allCollapsed = false
        setCollapsedIds([])
        redraw()
    })
    document.getElementById('hide_all_details').addEventListener('click', () => {
        manager.allCollapsed = true
        const allIds = manager.renderData.tests.map((test) => test.id)
        setCollapsedIds(allIds)
        redraw()
    })
}

const redraw = () => {
    const { testSubset } = manager

    renderContent(testSubset)
    renderDerived()
}

module.exports = {
    redraw,
    bindEvents,
    renderStatic,
}

},{"./datamanager.js":1,"./dom.js":2,"./filter.js":3,"./sort.js":7,"./storage.js":8}],6:[function(require,module,exports){
class MediaViewer {
    constructor(assets) {
        this.assets = assets
        this.index = 0
    }

    nextActive() {
        this.index = this.index === this.assets.length - 1 ? 0 : this.index + 1
        return [this.activeFile, this.index]
    }

    prevActive() {
        this.index = this.index === 0 ? this.assets.length - 1 : this.index -1
        return [this.activeFile, this.index]
    }

    get currentIndex() {
        return this.index
    }

    get activeFile() {
        return this.assets[this.index]
    }
}


const setup = (resultBody, assets) => {
    if (!assets.length) {
        resultBody.querySelector('.media').classList.add('hidden')
        return
    }

    const mediaViewer = new MediaViewer(assets)
    const container = resultBody.querySelector('.media-container')
    const leftArrow = resultBody.querySelector('.media-container__nav--left')
    const rightArrow = resultBody.querySelector('.media-container__nav--right')
    const mediaName = resultBody.querySelector('.media__name')
    const counter = resultBody.querySelector('.media__counter')
    const imageEl = resultBody.querySelector('img')
    const sourceEl = resultBody.querySelector('source')
    const videoEl = resultBody.querySelector('video')

    const setImg = (media, index) => {
        if (media?.format_type === 'image') {
            imageEl.src = media.path

            imageEl.classList.remove('hidden')
            videoEl.classList.add('hidden')
        } else if (media?.format_type === 'video') {
            sourceEl.src = media.path

            videoEl.classList.remove('hidden')
            imageEl.classList.add('hidden')
        }

        mediaName.innerText = media?.name
        counter.innerText = `${index + 1} / ${assets.length}`
    }
    setImg(mediaViewer.activeFile, mediaViewer.currentIndex)

    const moveLeft = () => {
        const [media, index] = mediaViewer.prevActive()
        setImg(media, index)
    }
    const doRight = () => {
        const [media, index] = mediaViewer.nextActive()
        setImg(media, index)
    }
    const openImg = () => {
        window.open(mediaViewer.activeFile.path, '_blank')
    }
    if (assets.length === 1) {
        container.classList.add('media-container--fullscreen')
    } else {
        leftArrow.addEventListener('click', moveLeft)
        rightArrow.addEventListener('click', doRight)
    }
    imageEl.addEventListener('click', openImg)
}

module.exports = {
    setup,
}

},{}],7:[function(require,module,exports){
const { manager } = require('./datamanager.js')
const storageModule = require('./storage.js')

const genericSort = (list, key, ascending, customOrder) => {
    let sorted
    if (customOrder) {
        sorted = list.sort((a, b) => {
            const aValue = a.result.toLowerCase()
            const bValue = b.result.toLowerCase()

            const aIndex = customOrder.findIndex((item) => item.toLowerCase() === aValue)
            const bIndex = customOrder.findIndex((item) => item.toLowerCase() === bValue)

            // Compare the indices to determine the sort order
            return aIndex - bIndex
        })
    } else {
        sorted = list.sort((a, b) => a[key] === b[key] ? 0 : a[key] > b[key] ? 1 : -1)
    }

    if (ascending) {
        sorted.reverse()
    }
    return sorted
}

const durationSort = (list, ascending) => {
    const parseDuration = (duration) => {
        if (duration.includes(':')) {
            // If it's in the format "HH:mm:ss"
            const [hours, minutes, seconds] = duration.split(':').map(Number)
            return (hours * 3600 + minutes * 60 + seconds) * 1000
        } else {
            // If it's in the format "nnn ms"
            return parseInt(duration)
        }
    }
    const sorted = list.sort((a, b) => parseDuration(a['duration']) - parseDuration(b['duration']))
    if (ascending) {
        sorted.reverse()
    }
    return sorted
}

const doInitSort = () => {
    const type = storageModule.getSort(manager.initialSort)
    const ascending = storageModule.getSortDirection()
    const list = manager.testSubset
    const initialOrder = ['Error', 'Failed', 'Rerun', 'XFailed', 'XPassed', 'Skipped', 'Passed']

    storageModule.setSort(type)
    storageModule.setSortDirection(ascending)

    if (type?.toLowerCase() === 'original') {
        manager.setRender(list)
    } else {
        let sortedList
        switch (type) {
        case 'duration':
            sortedList = durationSort(list, ascending)
            break
        case 'result':
            sortedList = genericSort(list, type, ascending, initialOrder)
            break
        default:
            sortedList = genericSort(list, type, ascending)
            break
        }
        manager.setRender(sortedList)
    }
}

const doSort = (type, skipDirection) => {
    const newSortType = storageModule.getSort(manager.initialSort) !== type
    const currentAsc = storageModule.getSortDirection()
    let ascending
    if (skipDirection) {
        ascending = currentAsc
    } else {
        ascending = newSortType ? false : !currentAsc
    }
    storageModule.setSort(type)
    storageModule.setSortDirection(ascending)

    const list = manager.testSubset
    const sortedList = type === 'duration' ? durationSort(list, ascending) : genericSort(list, type, ascending)
    manager.setRender(sortedList)
}

module.exports = {
    doInitSort,
    doSort,
}

},{"./datamanager.js":1,"./storage.js":8}],8:[function(require,module,exports){
const possibleFilters = [
    'passed',
    'skipped',
    'failed',
    'error',
    'xfailed',
    'xpassed',
    'rerun',
]

const getVisible = () => {
    const url = new URL(window.location.href)
    const settings = new URLSearchParams(url.search).get('visible')
    const lower = (item) => {
        const lowerItem = item.toLowerCase()
        if (possibleFilters.includes(lowerItem)) {
            return lowerItem
        }
        return null
    }
    return settings === null ?
        possibleFilters :
        [...new Set(settings?.split(',').map(lower).filter((item) => item))]
}

const hideCategory = (categoryToHide) => {
    const url = new URL(window.location.href)
    const visibleParams = new URLSearchParams(url.search).get('visible')
    const currentVisible = visibleParams ? visibleParams.split(',') : [...possibleFilters]
    const settings = [...new Set(currentVisible)].filter((f) => f !== categoryToHide).join(',')

    url.searchParams.set('visible', settings)
    window.history.pushState({}, null, unescape(url.href))
}

const showCategory = (categoryToShow) => {
    if (typeof window === 'undefined') {
        return
    }
    const url = new URL(window.location.href)
    const currentVisible = new URLSearchParams(url.search).get('visible')?.split(',').filter(Boolean) ||
        [...possibleFilters]
    const settings = [...new Set([categoryToShow, ...currentVisible])]
    const noFilter = possibleFilters.length === settings.length || !settings.length

    noFilter ? url.searchParams.delete('visible') : url.searchParams.set('visible', settings.join(','))
    window.history.pushState({}, null, unescape(url.href))
}

const getSort = (initialSort) => {
    const url = new URL(window.location.href)
    let sort = new URLSearchParams(url.search).get('sort')
    if (!sort) {
        sort = initialSort || 'result'
    }
    return sort
}

const setSort = (type) => {
    const url = new URL(window.location.href)
    url.searchParams.set('sort', type)
    window.history.pushState({}, null, unescape(url.href))
}

const getCollapsedCategory = (renderCollapsed) => {
    let categories
    if (typeof window !== 'undefined') {
        const url = new URL(window.location.href)
        const collapsedItems = new URLSearchParams(url.search).get('collapsed')
        switch (true) {
        case !renderCollapsed && collapsedItems === null:
            categories = ['passed']
            break
        case collapsedItems?.length === 0 || /^["']{2}$/.test(collapsedItems):
            categories = []
            break
        case /^all$/.test(collapsedItems) || collapsedItems === null && /^all$/.test(renderCollapsed):
            categories = [...possibleFilters]
            break
        default:
            categories = collapsedItems?.split(',').map((item) => item.toLowerCase()) || renderCollapsed
            break
        }
    } else {
        categories = []
    }
    return categories
}

const getSortDirection = () => JSON.parse(sessionStorage.getItem('sortAsc')) || false
const setSortDirection = (ascending) => sessionStorage.setItem('sortAsc', ascending)

const getCollapsedIds = () => JSON.parse(sessionStorage.getItem('collapsedIds')) || []
const setCollapsedIds = (list) => sessionStorage.setItem('collapsedIds', JSON.stringify(list))

module.exports = {
    getVisible,
    hideCategory,
    showCategory,
    getCollapsedIds,
    setCollapsedIds,
    getSort,
    setSort,
    getSortDirection,
    setSortDirection,
    getCollapsedCategory,
    possibleFilters,
}

},{}]},{},[4]);
    </script>
  </footer>
</html>